<?xml version="1.0" encoding="UTF-8"?>
<!-- Generated by org.testng.reporters.JUnitXMLReporter -->
<testsuite ignored="0" hostname="Ajmal" failures="0" tests="3" name="Default test" time="5.37" errors="0" timestamp="2024-10-10T00:36:56 IST">
  <testcase classname="test_ng_learning.SuiteExampleAutomate" name="OpenGoogle" time="1.385"/>
  <testcase classname="test_ng_learning.SuiteExampleAutomate" name="OpenInstagram" time="1.481"/>
  <testcase classname="test_ng_learning.SuiteExampleAutomate" name="OpenYoutube" time="2.484"/>
</testsuite> <!-- Default test -->
