<?xml version="1.0" encoding="UTF-8"?>
<!-- Generated by org.testng.reporters.JUnitXMLReporter -->
<testsuite ignored="1" hostname="Ajmal" failures="0" tests="11" name="test1" time="7.375" errors="0" timestamp="2024-10-10T01:26:46 IST">
  <testcase classname="testnglearning.DependanciesManagement" name="highschool" time="0.008"/>
  <testcase classname="testnglearning.DependanciesManagement" name="higherSecondary" time="0.001"/>
  <testcase classname="testnglearning.DependanciesManagement" name="engineering" time="0.001"/>
  <testcase classname="testnglearning.SkipATestCase" name="StartTheCar" time="0.0"/>
  <testcase classname="testnglearning.SkipATestCase" name="putTheFirstGear" time="0.0"/>
  <testcase classname="testnglearning.SkipATestCase" name="putTheSecondtGear" time="0.001"/>
  <testcase classname="testnglearning.SkipATestCase" name="putTheThirdGear" time="0.001"/>
  <testcase classname="testnglearning.SkipATestCase" name="putTheFourthGear" time="0.001"/>
  <testcase classname="testnglearning.SuiteExampleManual" name="OpenGoogle" time="3.71"/>
  <testcase classname="testnglearning.SuiteExampleManual" name="OpenInstagram" time="2.441"/>
  <testcase classname="testnglearning.SuiteExampleManual" name="OpenYoutube" time="1.143"/>
  <testcase classname="testnglearning.SkipATestCase" name="turnTheMusicOn" time="0.0">
    <ignored/>
  </testcase> <!-- turnTheMusicOn -->
</testsuite> <!-- test1 -->
