<?xml version="1.0" encoding="UTF-8"?>
<!-- Generated by org.testng.reporters.JUnitXMLReporter -->
<testsuite ignored="1" hostname="Ajmal" failures="0" tests="11" name="testcases" time="8.218" errors="0" timestamp="2024-10-10T01:34:53 IST">
  <testcase classname="testnglearning.DependanciesManagement" name="highschool" time="0.006"/>
  <testcase classname="testnglearning.DependanciesManagement" name="higherSecondary" time="0.001"/>
  <testcase classname="testnglearning.DependanciesManagement" name="engineering" time="0.002"/>
  <testcase classname="testnglearning.SkipATestCase" name="StartTheCar" time="0.001"/>
  <testcase classname="testnglearning.SkipATestCase" name="putTheFirstGear" time="0.002"/>
  <testcase classname="testnglearning.SkipATestCase" name="putTheSecondtGear" time="0.0"/>
  <testcase classname="testnglearning.SkipATestCase" name="putTheThirdGear" time="0.002"/>
  <testcase classname="testnglearning.SkipATestCase" name="putTheFourthGear" time="0.002"/>
  <testcase classname="testnglearning.SuiteExampleManual" name="OpenGoogle" time="2.381"/>
  <testcase classname="testnglearning.SuiteExampleManual" name="OpenInstagram" time="1.887"/>
  <testcase classname="testnglearning.SuiteExampleManual" name="OpenYoutube" time="3.864"/>
  <testcase classname="testnglearning.SkipATestCase" name="turnTheMusicOn" time="0.0">
    <ignored/>
  </testcase> <!-- turnTheMusicOn -->
</testsuite> <!-- testcases -->
